2021-08-17 13:36:02 [scrapy.utils.log] INFO: Scrapy 2.5.0 started (bot: link_scraper)
2021-08-17 13:36:02 [scrapy.utils.log] INFO: Versions: lxml 4.6.3.0, libxml2 2.9.10, cssselect 1.1.0, parsel 1.6.0, w3lib 1.22.0, Twisted 21.2.0, Python 3.8.3 (default, Jul  2 2020, 16:21:59) - [GCC 7.3.0], pyOpenSSL 20.0.1 (OpenSSL 1.1.1k  25 Mar 2021), cryptography 3.4.7, Platform Linux-4.15.0-153-generic-x86_64-with-glibc2.10
2021-08-17 13:36:02 [scrapy.utils.log] DEBUG: Using reactor: twisted.internet.epollreactor.EPollReactor
2021-08-17 13:36:02 [scrapy.crawler] INFO: Overridden settings:
{'BOT_NAME': 'link_scraper',
 'LOG_FILE': 'logs/default/link_spider/0e94a02eff6011eba7110764ab8bb01d.log',
 'NEWSPIDER_MODULE': 'link_scraper.spiders',
 'ROBOTSTXT_OBEY': True,
 'SPIDER_MODULES': ['link_scraper.spiders']}
2021-08-17 13:36:02 [scrapy.extensions.telnet] INFO: Telnet Password: 346dc9035740d509
2021-08-17 13:36:02 [scrapy.middleware] INFO: Enabled extensions:
['scrapy.extensions.corestats.CoreStats',
 'scrapy.extensions.telnet.TelnetConsole',
 'scrapy.extensions.memusage.MemoryUsage',
 'scrapy.extensions.logstats.LogStats']
2021-08-17 13:36:02 [scrapy.middleware] INFO: Enabled downloader middlewares:
['scrapy.downloadermiddlewares.robotstxt.RobotsTxtMiddleware',
 'scrapy.downloadermiddlewares.httpauth.HttpAuthMiddleware',
 'scrapy.downloadermiddlewares.downloadtimeout.DownloadTimeoutMiddleware',
 'scrapy.downloadermiddlewares.defaultheaders.DefaultHeadersMiddleware',
 'scrapy.downloadermiddlewares.useragent.UserAgentMiddleware',
 'scrapy.downloadermiddlewares.retry.RetryMiddleware',
 'scrapy.downloadermiddlewares.redirect.MetaRefreshMiddleware',
 'scrapy.downloadermiddlewares.httpcompression.HttpCompressionMiddleware',
 'scrapy.downloadermiddlewares.redirect.RedirectMiddleware',
 'scrapy.downloadermiddlewares.cookies.CookiesMiddleware',
 'scrapy.downloadermiddlewares.httpproxy.HttpProxyMiddleware',
 'scrapy.downloadermiddlewares.stats.DownloaderStats']
2021-08-17 13:36:02 [scrapy.middleware] INFO: Enabled spider middlewares:
['scrapy.spidermiddlewares.httperror.HttpErrorMiddleware',
 'scrapy.spidermiddlewares.offsite.OffsiteMiddleware',
 'scrapy.spidermiddlewares.referer.RefererMiddleware',
 'scrapy.spidermiddlewares.urllength.UrlLengthMiddleware',
 'scrapy.spidermiddlewares.depth.DepthMiddleware']
2021-08-17 13:36:02 [scrapy.middleware] INFO: Enabled item pipelines:
['link_scraper.pipelines.LinkScraperPipeline']
2021-08-17 13:36:02 [scrapy.core.engine] INFO: Spider opened
2021-08-17 13:36:02 [scrapy.extensions.logstats] INFO: Crawled 0 pages (at 0 pages/min), scraped 0 items (at 0 items/min)
2021-08-17 13:36:02 [scrapy.extensions.telnet] INFO: Telnet console listening on 127.0.0.1:6023
2021-08-17 13:36:02 [scrapy.core.engine] ERROR: Error while obtaining start requests
Traceback (most recent call last):
  File "/home/geofferyj/.local/share/virtualenvs/django_crud-AcAFzmuz/lib/python3.8/site-packages/scrapy/core/engine.py", line 129, in _next_request
    request = next(slot.start_requests)
  File "/home/geofferyj/Documents/web_developement/django/django_crud/link_scraper/spiders/link_spider.py", line 20, in start_requests
    yield scrapy.Request(url=self.url, callback=self.parse)
  File "/home/geofferyj/.local/share/virtualenvs/django_crud-AcAFzmuz/lib/python3.8/site-packages/scrapy/http/request/__init__.py", line 25, in __init__
    self._set_url(url)
  File "/home/geofferyj/.local/share/virtualenvs/django_crud-AcAFzmuz/lib/python3.8/site-packages/scrapy/http/request/__init__.py", line 73, in _set_url
    raise ValueError(f'Missing scheme in request url: {self._url}')
ValueError: Missing scheme in request url: www.wikipedia.org
2021-08-17 13:36:02 [scrapy.core.engine] INFO: Closing spider (finished)
2021-08-17 13:36:02 [scrapy.statscollectors] INFO: Dumping Scrapy stats:
{'elapsed_time_seconds': 0.007117,
 'finish_reason': 'finished',
 'finish_time': datetime.datetime(2021, 8, 17, 13, 36, 2, 794473),
 'log_count/ERROR': 1,
 'log_count/INFO': 10,
 'memusage/max': 77697024,
 'memusage/startup': 77697024,
 'start_time': datetime.datetime(2021, 8, 17, 13, 36, 2, 787356)}
2021-08-17 13:36:02 [scrapy.core.engine] INFO: Spider closed (finished)
