2021-08-17 13:37:07 [scrapy.utils.log] INFO: Scrapy 2.5.0 started (bot: link_scraper)
2021-08-17 13:37:07 [scrapy.utils.log] INFO: Versions: lxml 4.6.3.0, libxml2 2.9.10, cssselect 1.1.0, parsel 1.6.0, w3lib 1.22.0, Twisted 21.2.0, Python 3.8.3 (default, Jul  2 2020, 16:21:59) - [GCC 7.3.0], pyOpenSSL 20.0.1 (OpenSSL 1.1.1k  25 Mar 2021), cryptography 3.4.7, Platform Linux-4.15.0-153-generic-x86_64-with-glibc2.10
2021-08-17 13:37:07 [scrapy.utils.log] DEBUG: Using reactor: twisted.internet.epollreactor.EPollReactor
2021-08-17 13:37:07 [scrapy.crawler] INFO: Overridden settings:
{'BOT_NAME': 'link_scraper',
 'LOG_FILE': 'logs/default/link_spider/335a4bdeff6011eba7110764ab8bb01d.log',
 'NEWSPIDER_MODULE': 'link_scraper.spiders',
 'ROBOTSTXT_OBEY': True,
 'SPIDER_MODULES': ['link_scraper.spiders']}
2021-08-17 13:37:07 [scrapy.extensions.telnet] INFO: Telnet Password: c5981c3c333bb56c
2021-08-17 13:37:07 [scrapy.middleware] INFO: Enabled extensions:
['scrapy.extensions.corestats.CoreStats',
 'scrapy.extensions.telnet.TelnetConsole',
 'scrapy.extensions.memusage.MemoryUsage',
 'scrapy.extensions.logstats.LogStats']
2021-08-17 13:37:07 [scrapy.middleware] INFO: Enabled downloader middlewares:
['scrapy.downloadermiddlewares.robotstxt.RobotsTxtMiddleware',
 'scrapy.downloadermiddlewares.httpauth.HttpAuthMiddleware',
 'scrapy.downloadermiddlewares.downloadtimeout.DownloadTimeoutMiddleware',
 'scrapy.downloadermiddlewares.defaultheaders.DefaultHeadersMiddleware',
 'scrapy.downloadermiddlewares.useragent.UserAgentMiddleware',
 'scrapy.downloadermiddlewares.retry.RetryMiddleware',
 'scrapy.downloadermiddlewares.redirect.MetaRefreshMiddleware',
 'scrapy.downloadermiddlewares.httpcompression.HttpCompressionMiddleware',
 'scrapy.downloadermiddlewares.redirect.RedirectMiddleware',
 'scrapy.downloadermiddlewares.cookies.CookiesMiddleware',
 'scrapy.downloadermiddlewares.httpproxy.HttpProxyMiddleware',
 'scrapy.downloadermiddlewares.stats.DownloaderStats']
2021-08-17 13:37:07 [scrapy.middleware] INFO: Enabled spider middlewares:
['scrapy.spidermiddlewares.httperror.HttpErrorMiddleware',
 'scrapy.spidermiddlewares.offsite.OffsiteMiddleware',
 'scrapy.spidermiddlewares.referer.RefererMiddleware',
 'scrapy.spidermiddlewares.urllength.UrlLengthMiddleware',
 'scrapy.spidermiddlewares.depth.DepthMiddleware']
2021-08-17 13:37:07 [scrapy.middleware] INFO: Enabled item pipelines:
['link_scraper.pipelines.LinkScraperPipeline']
2021-08-17 13:37:07 [scrapy.core.engine] INFO: Spider opened
2021-08-17 13:37:07 [scrapy.extensions.logstats] INFO: Crawled 0 pages (at 0 pages/min), scraped 0 items (at 0 items/min)
2021-08-17 13:37:07 [scrapy.extensions.telnet] INFO: Telnet console listening on 127.0.0.1:6023
2021-08-17 13:37:08 [scrapy.downloadermiddlewares.redirect] DEBUG: Redirecting (301) to <GET https://en.wikipedia.org/robots.txt> from <GET https://www.wikipedia.org/robots.txt>
2021-08-17 13:37:09 [scrapy.core.engine] DEBUG: Crawled (200) <GET https://en.wikipedia.org/robots.txt> (referer: None)
2021-08-17 13:37:09 [scrapy.core.engine] DEBUG: Crawled (200) <GET https://www.wikipedia.org> (referer: None)
2021-08-17 13:37:09 [py.warnings] WARNING: /home/geofferyj/Documents/web_developement/django/django_crud/link_scraper/spiders/link_spider.py:28: ScrapyDeprecationWarning: scrapy.loader.processors.TakeFirst is deprecated, instantiate itemloaders.processors.TakeFirst instead.
  loader.default_output_processor = TakeFirst()

2021-08-17 13:37:09 [py.warnings] WARNING: /home/geofferyj/Documents/web_developement/django/django_crud/link_scraper/spiders/link_spider.py:30: ScrapyDeprecationWarning: scrapy.loader.processors.TakeFirst is deprecated, instantiate itemloaders.processors.TakeFirst instead.
  loader.add_css('url', 'a::attr(href)', TakeFirst(), response.urljoin)

2021-08-17 13:37:09 [asyncio] DEBUG: Using selector: EpollSelector
2021-08-17 13:37:09 [scrapy.core.scraper] DEBUG: Scraped from <200 https://www.wikipedia.org>
{'text': '\n', 'url': 'https://en.wikipedia.org/'}
2021-08-17 13:37:09 [scrapy.core.scraper] DEBUG: Scraped from <200 https://www.wikipedia.org>
{'text': '\n', 'url': 'https://ja.wikipedia.org/'}
2021-08-17 13:37:09 [scrapy.core.scraper] DEBUG: Scraped from <200 https://www.wikipedia.org>
{'text': '\n', 'url': 'https://es.wikipedia.org/'}
2021-08-17 13:37:09 [scrapy.core.scraper] DEBUG: Scraped from <200 https://www.wikipedia.org>
{'text': '\n', 'url': 'https://de.wikipedia.org/'}
2021-08-17 13:37:09 [scrapy.core.scraper] DEBUG: Scraped from <200 https://www.wikipedia.org>
{'text': '\n', 'url': 'https://ru.wikipedia.org/'}
2021-08-17 13:37:09 [scrapy.core.scraper] DEBUG: Scraped from <200 https://www.wikipedia.org>
{'text': '\n', 'url': 'https://fr.wikipedia.org/'}
2021-08-17 13:37:09 [scrapy.core.scraper] DEBUG: Scraped from <200 https://www.wikipedia.org>
{'text': '\n', 'url': 'https://zh.wikipedia.org/'}
2021-08-17 13:37:09 [scrapy.core.scraper] DEBUG: Scraped from <200 https://www.wikipedia.org>
{'text': '\n', 'url': 'https://it.wikipedia.org/'}
2021-08-17 13:37:09 [scrapy.core.scraper] DEBUG: Scraped from <200 https://www.wikipedia.org>
{'text': '\n', 'url': 'https://pt.wikipedia.org/'}
2021-08-17 13:37:09 [scrapy.core.scraper] DEBUG: Scraped from <200 https://www.wikipedia.org>
{'text': '\n', 'url': 'https://pl.wikipedia.org/'}
2021-08-17 13:37:09 [scrapy.core.scraper] DEBUG: Scraped from <200 https://www.wikipedia.org>
{'text': 'Polski', 'url': 'https://pl.wikipedia.org/'}
2021-08-17 13:37:09 [scrapy.core.scraper] DEBUG: Scraped from <200 https://www.wikipedia.org>
{'url': 'https://ar.wikipedia.org/'}
2021-08-17 13:37:09 [scrapy.core.scraper] DEBUG: Scraped from <200 https://www.wikipedia.org>
{'text': 'Deutsch', 'url': 'https://de.wikipedia.org/'}
2021-08-17 13:37:10 [scrapy.core.scraper] DEBUG: Scraped from <200 https://www.wikipedia.org>
{'text': 'English', 'url': 'https://en.wikipedia.org/'}
2021-08-17 13:37:10 [scrapy.core.scraper] DEBUG: Scraped from <200 https://www.wikipedia.org>
{'text': 'Español', 'url': 'https://es.wikipedia.org/'}
2021-08-17 13:37:10 [scrapy.core.scraper] DEBUG: Scraped from <200 https://www.wikipedia.org>
{'text': 'Français', 'url': 'https://fr.wikipedia.org/'}
2021-08-17 13:37:10 [scrapy.core.scraper] DEBUG: Scraped from <200 https://www.wikipedia.org>
{'text': 'Italiano', 'url': 'https://it.wikipedia.org/'}
2021-08-17 13:37:10 [scrapy.core.scraper] DEBUG: Scraped from <200 https://www.wikipedia.org>
{'url': 'https://arz.wikipedia.org/'}
2021-08-17 13:37:10 [scrapy.core.scraper] DEBUG: Scraped from <200 https://www.wikipedia.org>
{'text': 'Nederlands', 'url': 'https://nl.wikipedia.org/'}
2021-08-17 13:37:10 [scrapy.core.scraper] DEBUG: Scraped from <200 https://www.wikipedia.org>
{'text': '日本語', 'url': 'https://ja.wikipedia.org/'}
2021-08-17 13:37:10 [scrapy.core.scraper] DEBUG: Scraped from <200 https://www.wikipedia.org>
{'text': 'Português', 'url': 'https://pt.wikipedia.org/'}
2021-08-17 13:37:10 [scrapy.core.scraper] DEBUG: Scraped from <200 https://www.wikipedia.org>
{'text': 'Русский', 'url': 'https://ru.wikipedia.org/'}
2021-08-17 13:37:10 [scrapy.core.scraper] DEBUG: Scraped from <200 https://www.wikipedia.org>
{'text': 'Sinugboanong Binisaya', 'url': 'https://ceb.wikipedia.org/'}
2021-08-17 13:37:10 [scrapy.core.scraper] DEBUG: Scraped from <200 https://www.wikipedia.org>
{'text': 'Svenska', 'url': 'https://sv.wikipedia.org/'}
2021-08-17 13:37:10 [scrapy.core.scraper] DEBUG: Scraped from <200 https://www.wikipedia.org>
{'text': 'Українська', 'url': 'https://uk.wikipedia.org/'}
2021-08-17 13:37:10 [scrapy.core.scraper] DEBUG: Scraped from <200 https://www.wikipedia.org>
{'text': 'Tiếng Việt', 'url': 'https://vi.wikipedia.org/'}
2021-08-17 13:37:10 [scrapy.core.scraper] DEBUG: Scraped from <200 https://www.wikipedia.org>
{'text': 'Winaray', 'url': 'https://war.wikipedia.org/'}
2021-08-17 13:37:10 [scrapy.core.scraper] DEBUG: Scraped from <200 https://www.wikipedia.org>
{'text': '中文', 'url': 'https://zh.wikipedia.org/'}
2021-08-17 13:37:10 [scrapy.core.scraper] DEBUG: Scraped from <200 https://www.wikipedia.org>
{'text': 'Slovenčina', 'url': 'https://sk.wikipedia.org/'}
2021-08-17 13:37:10 [scrapy.core.scraper] DEBUG: Scraped from <200 https://www.wikipedia.org>
{'text': 'Asturianu', 'url': 'https://ast.wikipedia.org/'}
2021-08-17 13:37:10 [scrapy.core.scraper] DEBUG: Scraped from <200 https://www.wikipedia.org>
{'text': 'Azərbaycanca', 'url': 'https://az.wikipedia.org/'}
2021-08-17 13:37:10 [scrapy.core.scraper] DEBUG: Scraped from <200 https://www.wikipedia.org>
{'text': 'Български', 'url': 'https://bg.wikipedia.org/'}
2021-08-17 13:37:10 [scrapy.core.scraper] DEBUG: Scraped from <200 https://www.wikipedia.org>
{'text': 'Bân-lâm-gú / Hō-ló-oē', 'url': 'https://zh-min-nan.wikipedia.org/'}
2021-08-17 13:37:10 [scrapy.core.scraper] DEBUG: Scraped from <200 https://www.wikipedia.org>
{'text': 'বাংলা', 'url': 'https://bn.wikipedia.org/'}
2021-08-17 13:37:10 [scrapy.core.scraper] DEBUG: Scraped from <200 https://www.wikipedia.org>
{'text': 'Беларуская', 'url': 'https://be.wikipedia.org/'}
2021-08-17 13:37:10 [scrapy.core.scraper] DEBUG: Scraped from <200 https://www.wikipedia.org>
{'text': 'Català', 'url': 'https://ca.wikipedia.org/'}
2021-08-17 13:37:10 [scrapy.core.scraper] DEBUG: Scraped from <200 https://www.wikipedia.org>
{'text': 'Čeština', 'url': 'https://cs.wikipedia.org/'}
2021-08-17 13:37:10 [scrapy.core.scraper] DEBUG: Scraped from <200 https://www.wikipedia.org>
{'text': 'Cymraeg', 'url': 'https://cy.wikipedia.org/'}
2021-08-17 13:37:10 [scrapy.core.scraper] DEBUG: Scraped from <200 https://www.wikipedia.org>
{'text': 'Dansk', 'url': 'https://da.wikipedia.org/'}
2021-08-17 13:37:10 [scrapy.core.scraper] DEBUG: Scraped from <200 https://www.wikipedia.org>
{'text': 'Eesti', 'url': 'https://et.wikipedia.org/'}
2021-08-17 13:37:10 [scrapy.core.scraper] DEBUG: Scraped from <200 https://www.wikipedia.org>
{'text': 'Ελληνικά', 'url': 'https://el.wikipedia.org/'}
2021-08-17 13:37:10 [scrapy.core.scraper] DEBUG: Scraped from <200 https://www.wikipedia.org>
{'text': 'Esperanto', 'url': 'https://eo.wikipedia.org/'}
2021-08-17 13:37:10 [scrapy.core.scraper] DEBUG: Scraped from <200 https://www.wikipedia.org>
{'text': 'Euskara', 'url': 'https://eu.wikipedia.org/'}
2021-08-17 13:37:10 [scrapy.core.scraper] DEBUG: Scraped from <200 https://www.wikipedia.org>
{'url': 'https://fa.wikipedia.org/'}
2021-08-17 13:37:10 [scrapy.core.scraper] DEBUG: Scraped from <200 https://www.wikipedia.org>
{'text': 'Galego', 'url': 'https://gl.wikipedia.org/'}
2021-08-17 13:37:10 [scrapy.core.scraper] DEBUG: Scraped from <200 https://www.wikipedia.org>
{'text': 'Հայերեն', 'url': 'https://hy.wikipedia.org/'}
2021-08-17 13:37:10 [scrapy.core.scraper] DEBUG: Scraped from <200 https://www.wikipedia.org>
{'text': 'हिन्दी', 'url': 'https://hi.wikipedia.org/'}
2021-08-17 13:37:10 [scrapy.core.scraper] DEBUG: Scraped from <200 https://www.wikipedia.org>
{'text': 'Hrvatski', 'url': 'https://hr.wikipedia.org/'}
2021-08-17 13:37:10 [scrapy.core.scraper] DEBUG: Scraped from <200 https://www.wikipedia.org>
{'text': 'Bahasa Indonesia', 'url': 'https://id.wikipedia.org/'}
2021-08-17 13:37:10 [scrapy.core.scraper] DEBUG: Scraped from <200 https://www.wikipedia.org>
{'url': 'https://he.wikipedia.org/'}
2021-08-17 13:37:10 [scrapy.core.scraper] DEBUG: Scraped from <200 https://www.wikipedia.org>
{'text': 'ქართული', 'url': 'https://ka.wikipedia.org/'}
2021-08-17 13:37:10 [scrapy.core.scraper] DEBUG: Scraped from <200 https://www.wikipedia.org>
{'text': 'Latina', 'url': 'https://la.wikipedia.org/'}
2021-08-17 13:37:10 [scrapy.core.scraper] DEBUG: Scraped from <200 https://www.wikipedia.org>
{'text': 'Latviešu', 'url': 'https://lv.wikipedia.org/'}
2021-08-17 13:37:10 [scrapy.core.scraper] DEBUG: Scraped from <200 https://www.wikipedia.org>
{'text': 'Lietuvių', 'url': 'https://lt.wikipedia.org/'}
2021-08-17 13:37:10 [scrapy.core.scraper] DEBUG: Scraped from <200 https://www.wikipedia.org>
{'text': 'Magyar', 'url': 'https://hu.wikipedia.org/'}
2021-08-17 13:37:10 [scrapy.core.scraper] DEBUG: Scraped from <200 https://www.wikipedia.org>
{'text': 'Македонски', 'url': 'https://mk.wikipedia.org/'}
2021-08-17 13:37:10 [scrapy.core.scraper] DEBUG: Scraped from <200 https://www.wikipedia.org>
{'text': 'Bahasa Melayu', 'url': 'https://ms.wikipedia.org/'}
2021-08-17 13:37:10 [scrapy.core.scraper] DEBUG: Scraped from <200 https://www.wikipedia.org>
{'text': 'Bahaso Minangkabau', 'url': 'https://min.wikipedia.org/'}
2021-08-17 13:37:10 [scrapy.core.scraper] DEBUG: Scraped from <200 https://www.wikipedia.org>
{'text': 'bokmål', 'url': 'https://no.wikipedia.org/'}
2021-08-17 13:37:10 [scrapy.core.scraper] DEBUG: Scraped from <200 https://www.wikipedia.org>
{'text': 'nynorsk', 'url': 'https://nn.wikipedia.org/'}
2021-08-17 13:37:10 [scrapy.core.scraper] DEBUG: Scraped from <200 https://www.wikipedia.org>
{'text': 'Нохчийн', 'url': 'https://ce.wikipedia.org/'}
2021-08-17 13:37:10 [scrapy.core.scraper] DEBUG: Scraped from <200 https://www.wikipedia.org>
{'text': 'Oʻzbekcha / Ўзбекча', 'url': 'https://uz.wikipedia.org/'}
2021-08-17 13:37:10 [scrapy.core.scraper] DEBUG: Scraped from <200 https://www.wikipedia.org>
{'text': ' / ', 'url': 'https://kk.wikipedia.org/'}
2021-08-17 13:37:10 [scrapy.core.scraper] DEBUG: Scraped from <200 https://www.wikipedia.org>
{'text': 'Română', 'url': 'https://ro.wikipedia.org/'}
2021-08-17 13:37:10 [scrapy.core.scraper] DEBUG: Scraped from <200 https://www.wikipedia.org>
{'text': 'Simple English', 'url': 'https://simple.wikipedia.org/'}
2021-08-17 13:37:10 [scrapy.core.scraper] DEBUG: Scraped from <200 https://www.wikipedia.org>
{'text': 'Slovenščina', 'url': 'https://sl.wikipedia.org/'}
2021-08-17 13:37:10 [scrapy.core.scraper] DEBUG: Scraped from <200 https://www.wikipedia.org>
{'text': 'Српски / Srpski', 'url': 'https://sr.wikipedia.org/'}
2021-08-17 13:37:10 [scrapy.core.scraper] DEBUG: Scraped from <200 https://www.wikipedia.org>
{'text': 'Srpskohrvatski / Српскохрватски', 'url': 'https://sh.wikipedia.org/'}
2021-08-17 13:37:10 [scrapy.core.scraper] DEBUG: Scraped from <200 https://www.wikipedia.org>
{'text': 'Suomi', 'url': 'https://fi.wikipedia.org/'}
2021-08-17 13:37:10 [scrapy.core.scraper] DEBUG: Scraped from <200 https://www.wikipedia.org>
{'text': 'தமிழ்', 'url': 'https://ta.wikipedia.org/'}
2021-08-17 13:37:10 [scrapy.core.scraper] DEBUG: Scraped from <200 https://www.wikipedia.org>
{'text': 'Татарча / Tatarça', 'url': 'https://tt.wikipedia.org/'}
2021-08-17 13:37:10 [scrapy.core.scraper] DEBUG: Scraped from <200 https://www.wikipedia.org>
{'text': 'ภาษาไทย', 'url': 'https://th.wikipedia.org/'}
2021-08-17 13:37:10 [scrapy.core.scraper] DEBUG: Scraped from <200 https://www.wikipedia.org>
{'text': 'Тоҷикӣ', 'url': 'https://tg.wikipedia.org/'}
2021-08-17 13:37:10 [scrapy.core.scraper] DEBUG: Scraped from <200 https://www.wikipedia.org>
{'url': 'https://azb.wikipedia.org/'}
2021-08-17 13:37:10 [scrapy.core.scraper] DEBUG: Scraped from <200 https://www.wikipedia.org>
{'text': 'Türkçe', 'url': 'https://tr.wikipedia.org/'}
2021-08-17 13:37:10 [scrapy.core.scraper] DEBUG: Scraped from <200 https://www.wikipedia.org>
{'url': 'https://ur.wikipedia.org/'}
2021-08-17 13:37:10 [scrapy.core.scraper] DEBUG: Scraped from <200 https://www.wikipedia.org>
{'text': 'Volapük', 'url': 'https://vo.wikipedia.org/'}
2021-08-17 13:37:10 [scrapy.core.scraper] DEBUG: Scraped from <200 https://www.wikipedia.org>
{'text': '粵語', 'url': 'https://zh-yue.wikipedia.org/'}
2021-08-17 13:37:10 [scrapy.core.scraper] DEBUG: Scraped from <200 https://www.wikipedia.org>
{'text': 'မြန်မာဘာသာ', 'url': 'https://my.wikipedia.org/'}
2021-08-17 13:37:10 [scrapy.core.scraper] DEBUG: Scraped from <200 https://www.wikipedia.org>
{'text': '한국어', 'url': 'https://ko.wikipedia.org/'}
2021-08-17 13:37:10 [scrapy.core.scraper] DEBUG: Scraped from <200 https://www.wikipedia.org>
{'text': 'Bahsa Acèh', 'url': 'https://ace.wikipedia.org/'}
2021-08-17 13:37:10 [scrapy.core.scraper] DEBUG: Scraped from <200 https://www.wikipedia.org>
{'text': 'Afrikaans', 'url': 'https://af.wikipedia.org/'}
2021-08-17 13:37:10 [scrapy.core.scraper] DEBUG: Scraped from <200 https://www.wikipedia.org>
{'text': 'Alemannisch', 'url': 'https://als.wikipedia.org/'}
2021-08-17 13:37:10 [scrapy.core.scraper] DEBUG: Scraped from <200 https://www.wikipedia.org>
{'text': 'አማርኛ', 'url': 'https://am.wikipedia.org/'}
2021-08-17 13:37:10 [scrapy.core.scraper] DEBUG: Scraped from <200 https://www.wikipedia.org>
{'text': 'Aragonés', 'url': 'https://an.wikipedia.org/'}
2021-08-17 13:37:10 [scrapy.core.scraper] DEBUG: Scraped from <200 https://www.wikipedia.org>
{'text': 'Basa Banyumasan', 'url': 'https://map-bms.wikipedia.org/'}
2021-08-17 13:37:10 [scrapy.core.scraper] DEBUG: Scraped from <200 https://www.wikipedia.org>
{'text': 'Башҡортса', 'url': 'https://ba.wikipedia.org/'}
2021-08-17 13:37:10 [scrapy.core.scraper] DEBUG: Scraped from <200 https://www.wikipedia.org>
{'text': 'Беларуская (Тарашкевіца)', 'url': 'https://be-tarask.wikipedia.org/'}
2021-08-17 13:37:10 [scrapy.core.scraper] DEBUG: Scraped from <200 https://www.wikipedia.org>
{'text': 'Bikol Central', 'url': 'https://bcl.wikipedia.org/'}
2021-08-17 13:37:10 [scrapy.core.scraper] DEBUG: Scraped from <200 https://www.wikipedia.org>
{'text': 'বিষ্ণুপ্রিয়া মণিপুরী', 'url': 'https://bpy.wikipedia.org/'}
2021-08-17 13:37:10 [scrapy.core.scraper] DEBUG: Scraped from <200 https://www.wikipedia.org>
{'text': 'Boarisch', 'url': 'https://bar.wikipedia.org/'}
2021-08-17 13:37:10 [scrapy.core.scraper] DEBUG: Scraped from <200 https://www.wikipedia.org>
{'text': 'Bosanski', 'url': 'https://bs.wikipedia.org/'}
2021-08-17 13:37:10 [scrapy.core.scraper] DEBUG: Scraped from <200 https://www.wikipedia.org>
{'text': 'Brezhoneg', 'url': 'https://br.wikipedia.org/'}
2021-08-17 13:37:10 [scrapy.core.scraper] DEBUG: Scraped from <200 https://www.wikipedia.org>
{'text': 'Чӑвашла', 'url': 'https://cv.wikipedia.org/'}
2021-08-17 13:37:10 [scrapy.core.scraper] DEBUG: Scraped from <200 https://www.wikipedia.org>
{'text': 'Diné Bizaad', 'url': 'https://nv.wikipedia.org/'}
2021-08-17 13:37:10 [scrapy.core.scraper] DEBUG: Scraped from <200 https://www.wikipedia.org>
{'text': 'Emigliàn–Rumagnòl', 'url': 'https://eml.wikipedia.org/'}
2021-08-17 13:37:10 [scrapy.core.scraper] DEBUG: Scraped from <200 https://www.wikipedia.org>
{'text': 'Føroyskt', 'url': 'https://fo.wikipedia.org/'}
2021-08-17 13:37:10 [scrapy.core.scraper] DEBUG: Scraped from <200 https://www.wikipedia.org>
{'text': 'Frysk', 'url': 'https://fy.wikipedia.org/'}
2021-08-17 13:37:10 [scrapy.core.scraper] DEBUG: Scraped from <200 https://www.wikipedia.org>
{'text': 'Gaeilge', 'url': 'https://ga.wikipedia.org/'}
2021-08-17 13:37:10 [scrapy.core.scraper] DEBUG: Scraped from <200 https://www.wikipedia.org>
{'text': 'Gàidhlig', 'url': 'https://gd.wikipedia.org/'}
2021-08-17 13:37:10 [scrapy.core.scraper] DEBUG: Scraped from <200 https://www.wikipedia.org>
{'text': 'ગુજરાતી', 'url': 'https://gu.wikipedia.org/'}
2021-08-17 13:37:10 [scrapy.core.scraper] DEBUG: Scraped from <200 https://www.wikipedia.org>
{'text': ' / ', 'url': 'https://ha.wikipedia.org/'}
2021-08-17 13:37:10 [scrapy.core.scraper] DEBUG: Scraped from <200 https://www.wikipedia.org>
{'text': 'Hornjoserbsce', 'url': 'https://hsb.wikipedia.org/'}
2021-08-17 13:37:11 [scrapy.core.scraper] DEBUG: Scraped from <200 https://www.wikipedia.org>
{'text': 'Ido', 'url': 'https://io.wikipedia.org/'}
2021-08-17 13:37:11 [scrapy.core.scraper] DEBUG: Scraped from <200 https://www.wikipedia.org>
{'text': 'Ilokano', 'url': 'https://ilo.wikipedia.org/'}
2021-08-17 13:37:11 [scrapy.core.scraper] DEBUG: Scraped from <200 https://www.wikipedia.org>
{'text': 'Interlingua', 'url': 'https://ia.wikipedia.org/'}
2021-08-17 13:37:11 [scrapy.core.scraper] DEBUG: Scraped from <200 https://www.wikipedia.org>
{'text': 'Ирон æвзаг', 'url': 'https://os.wikipedia.org/'}
2021-08-17 13:37:11 [scrapy.core.scraper] DEBUG: Scraped from <200 https://www.wikipedia.org>
{'text': 'Íslenska', 'url': 'https://is.wikipedia.org/'}
2021-08-17 13:37:11 [scrapy.core.scraper] DEBUG: Scraped from <200 https://www.wikipedia.org>
{'text': 'Jawa', 'url': 'https://jv.wikipedia.org/'}
2021-08-17 13:37:11 [scrapy.core.scraper] DEBUG: Scraped from <200 https://www.wikipedia.org>
{'text': 'ಕನ್ನಡ', 'url': 'https://kn.wikipedia.org/'}
2021-08-17 13:37:11 [scrapy.core.scraper] DEBUG: Scraped from <200 https://www.wikipedia.org>
{'text': 'Kreyòl Ayisyen', 'url': 'https://ht.wikipedia.org/'}
2021-08-17 13:37:11 [scrapy.core.scraper] DEBUG: Scraped from <200 https://www.wikipedia.org>
{'text': ' / ', 'url': 'https://ku.wikipedia.org/'}
2021-08-17 13:37:11 [scrapy.core.scraper] DEBUG: Scraped from <200 https://www.wikipedia.org>
{'url': 'https://ckb.wikipedia.org/'}
2021-08-17 13:37:11 [scrapy.core.scraper] DEBUG: Scraped from <200 https://www.wikipedia.org>
{'text': 'Кыргызча', 'url': 'https://ky.wikipedia.org/'}
2021-08-17 13:37:11 [scrapy.core.scraper] DEBUG: Scraped from <200 https://www.wikipedia.org>
{'text': 'Кырык Мары', 'url': 'https://mrj.wikipedia.org/'}
2021-08-17 13:37:11 [scrapy.core.scraper] DEBUG: Scraped from <200 https://www.wikipedia.org>
{'text': 'Lëtzebuergesch', 'url': 'https://lb.wikipedia.org/'}
2021-08-17 13:37:11 [scrapy.core.scraper] DEBUG: Scraped from <200 https://www.wikipedia.org>
{'text': 'Limburgs', 'url': 'https://li.wikipedia.org/'}
2021-08-17 13:37:11 [scrapy.core.scraper] DEBUG: Scraped from <200 https://www.wikipedia.org>
{'text': 'Lombard', 'url': 'https://lmo.wikipedia.org/'}
2021-08-17 13:37:11 [scrapy.core.scraper] DEBUG: Scraped from <200 https://www.wikipedia.org>
{'text': 'Lìgure', 'url': 'https://lij.wikipedia.org/'}
2021-08-17 13:37:11 [scrapy.core.scraper] DEBUG: Scraped from <200 https://www.wikipedia.org>
{'text': 'मैथिली', 'url': 'https://mai.wikipedia.org/'}
2021-08-17 13:37:11 [scrapy.core.scraper] DEBUG: Scraped from <200 https://www.wikipedia.org>
{'text': 'Malagasy', 'url': 'https://mg.wikipedia.org/'}
2021-08-17 13:37:11 [scrapy.core.scraper] DEBUG: Scraped from <200 https://www.wikipedia.org>
{'text': 'മലയാളം', 'url': 'https://ml.wikipedia.org/'}
2021-08-17 13:37:11 [scrapy.core.scraper] DEBUG: Scraped from <200 https://www.wikipedia.org>
{'text': '文言', 'url': 'https://zh-classical.wikipedia.org/'}
2021-08-17 13:37:11 [scrapy.core.scraper] DEBUG: Scraped from <200 https://www.wikipedia.org>
{'text': 'मराठी', 'url': 'https://mr.wikipedia.org/'}
2021-08-17 13:37:11 [scrapy.core.scraper] DEBUG: Scraped from <200 https://www.wikipedia.org>
{'text': 'მარგალური', 'url': 'https://xmf.wikipedia.org/'}
2021-08-17 13:37:11 [scrapy.core.scraper] DEBUG: Scraped from <200 https://www.wikipedia.org>
{'url': 'https://mzn.wikipedia.org/'}
2021-08-17 13:37:11 [scrapy.core.scraper] DEBUG: Scraped from <200 https://www.wikipedia.org>
{'text': 'Mìng-dĕ̤ng-ngṳ̄ / 閩東語', 'url': 'https://cdo.wikipedia.org/'}
2021-08-17 13:37:11 [scrapy.core.scraper] DEBUG: Scraped from <200 https://www.wikipedia.org>
{'text': 'Монгол', 'url': 'https://mn.wikipedia.org/'}
2021-08-17 13:37:11 [scrapy.core.scraper] DEBUG: Scraped from <200 https://www.wikipedia.org>
{'text': 'नेपाल भाषा', 'url': 'https://new.wikipedia.org/'}
2021-08-17 13:37:11 [scrapy.core.scraper] DEBUG: Scraped from <200 https://www.wikipedia.org>
{'text': 'नेपाली', 'url': 'https://ne.wikipedia.org/'}
2021-08-17 13:37:11 [scrapy.core.scraper] DEBUG: Scraped from <200 https://www.wikipedia.org>
{'text': 'Nnapulitano', 'url': 'https://nap.wikipedia.org/'}
2021-08-17 13:37:11 [scrapy.core.scraper] DEBUG: Scraped from <200 https://www.wikipedia.org>
{'text': 'Nordfriisk', 'url': 'https://frr.wikipedia.org/'}
2021-08-17 13:37:11 [scrapy.core.scraper] DEBUG: Scraped from <200 https://www.wikipedia.org>
{'text': 'Occitan', 'url': 'https://oc.wikipedia.org/'}
2021-08-17 13:37:11 [scrapy.core.scraper] DEBUG: Scraped from <200 https://www.wikipedia.org>
{'text': 'Марий', 'url': 'https://mhr.wikipedia.org/'}
2021-08-17 13:37:11 [scrapy.core.scraper] DEBUG: Scraped from <200 https://www.wikipedia.org>
{'text': 'ଓଡି଼ଆ', 'url': 'https://or.wikipedia.org/'}
2021-08-17 13:37:11 [scrapy.core.scraper] DEBUG: Scraped from <200 https://www.wikipedia.org>
{'text': 'ਪੰਜਾਬੀ (ਗੁਰਮੁਖੀ)', 'url': 'https://pa.wikipedia.org/'}
2021-08-17 13:37:11 [scrapy.core.scraper] DEBUG: Scraped from <200 https://www.wikipedia.org>
{'url': 'https://pnb.wikipedia.org/'}
2021-08-17 13:37:11 [scrapy.core.scraper] DEBUG: Scraped from <200 https://www.wikipedia.org>
{'url': 'https://ps.wikipedia.org/'}
2021-08-17 13:37:11 [scrapy.core.scraper] DEBUG: Scraped from <200 https://www.wikipedia.org>
{'text': 'Piemontèis', 'url': 'https://pms.wikipedia.org/'}
2021-08-17 13:37:11 [scrapy.core.scraper] DEBUG: Scraped from <200 https://www.wikipedia.org>
{'text': 'Plattdüütsch', 'url': 'https://nds.wikipedia.org/'}
2021-08-17 13:37:11 [scrapy.core.scraper] DEBUG: Scraped from <200 https://www.wikipedia.org>
{'text': 'Qırımtatarca', 'url': 'https://crh.wikipedia.org/'}
2021-08-17 13:37:11 [scrapy.core.scraper] DEBUG: Scraped from <200 https://www.wikipedia.org>
{'text': 'Runa Simi', 'url': 'https://qu.wikipedia.org/'}
2021-08-17 13:37:11 [scrapy.core.scraper] DEBUG: Scraped from <200 https://www.wikipedia.org>
{'text': 'संस्कृतम्', 'url': 'https://sa.wikipedia.org/'}
2021-08-17 13:37:11 [scrapy.core.scraper] DEBUG: Scraped from <200 https://www.wikipedia.org>
{'text': 'Саха Тыла', 'url': 'https://sah.wikipedia.org/'}
2021-08-17 13:37:11 [scrapy.core.scraper] DEBUG: Scraped from <200 https://www.wikipedia.org>
{'text': 'Scots', 'url': 'https://sco.wikipedia.org/'}
2021-08-17 13:37:11 [scrapy.core.scraper] DEBUG: Scraped from <200 https://www.wikipedia.org>
{'text': 'Shqip', 'url': 'https://sq.wikipedia.org/'}
2021-08-17 13:37:11 [scrapy.core.scraper] DEBUG: Scraped from <200 https://www.wikipedia.org>
{'text': 'Sicilianu', 'url': 'https://scn.wikipedia.org/'}
2021-08-17 13:37:11 [scrapy.core.scraper] DEBUG: Scraped from <200 https://www.wikipedia.org>
{'text': 'සිංහල', 'url': 'https://si.wikipedia.org/'}
2021-08-17 13:37:11 [scrapy.core.scraper] DEBUG: Scraped from <200 https://www.wikipedia.org>
{'url': 'https://sd.wikipedia.org/'}
2021-08-17 13:37:11 [scrapy.core.scraper] DEBUG: Scraped from <200 https://www.wikipedia.org>
{'text': 'Ślůnski', 'url': 'https://szl.wikipedia.org/'}
2021-08-17 13:37:11 [scrapy.core.scraper] DEBUG: Scraped from <200 https://www.wikipedia.org>
{'text': 'Basa Sunda', 'url': 'https://su.wikipedia.org/'}
2021-08-17 13:37:11 [scrapy.core.scraper] DEBUG: Scraped from <200 https://www.wikipedia.org>
{'text': 'Kiswahili', 'url': 'https://sw.wikipedia.org/'}
2021-08-17 13:37:11 [scrapy.core.scraper] DEBUG: Scraped from <200 https://www.wikipedia.org>
{'text': 'Tagalog', 'url': 'https://tl.wikipedia.org/'}
2021-08-17 13:37:11 [scrapy.core.scraper] DEBUG: Scraped from <200 https://www.wikipedia.org>
{'text': 'తెలుగు', 'url': 'https://te.wikipedia.org/'}
2021-08-17 13:37:11 [scrapy.core.scraper] DEBUG: Scraped from <200 https://www.wikipedia.org>
{'text': 'ᨅᨔ ᨕᨙᨁᨗ / Basa Ugi', 'url': 'https://bug.wikipedia.org/'}
2021-08-17 13:37:11 [scrapy.core.scraper] DEBUG: Scraped from <200 https://www.wikipedia.org>
{'text': 'Vèneto', 'url': 'https://vec.wikipedia.org/'}
2021-08-17 13:37:11 [scrapy.core.scraper] DEBUG: Scraped from <200 https://www.wikipedia.org>
{'text': 'Walon', 'url': 'https://wa.wikipedia.org/'}
2021-08-17 13:37:11 [scrapy.core.scraper] DEBUG: Scraped from <200 https://www.wikipedia.org>
{'text': '吳語', 'url': 'https://wuu.wikipedia.org/'}
2021-08-17 13:37:11 [scrapy.core.scraper] DEBUG: Scraped from <200 https://www.wikipedia.org>
{'url': 'https://yi.wikipedia.org/'}
2021-08-17 13:37:11 [scrapy.core.scraper] DEBUG: Scraped from <200 https://www.wikipedia.org>
{'text': 'Yorùbá', 'url': 'https://yo.wikipedia.org/'}
2021-08-17 13:37:11 [scrapy.core.scraper] DEBUG: Scraped from <200 https://www.wikipedia.org>
{'text': 'Zazaki', 'url': 'https://diq.wikipedia.org/'}
2021-08-17 13:37:11 [scrapy.core.scraper] DEBUG: Scraped from <200 https://www.wikipedia.org>
{'text': 'Žemaitėška', 'url': 'https://bat-smg.wikipedia.org/'}
2021-08-17 13:37:11 [scrapy.core.scraper] DEBUG: Scraped from <200 https://www.wikipedia.org>
{'text': 'Адыгэбзэ', 'url': 'https://kbd.wikipedia.org/'}
2021-08-17 13:37:11 [scrapy.core.scraper] DEBUG: Scraped from <200 https://www.wikipedia.org>
{'text': 'Ænglisc', 'url': 'https://ang.wikipedia.org/'}
2021-08-17 13:37:11 [scrapy.core.scraper] DEBUG: Scraped from <200 https://www.wikipedia.org>
{'text': 'Akan', 'url': 'https://ak.wikipedia.org/'}
2021-08-17 13:37:11 [scrapy.core.scraper] DEBUG: Scraped from <200 https://www.wikipedia.org>
{'text': 'Аҧсуа', 'url': 'https://ab.wikipedia.org/'}
2021-08-17 13:37:11 [scrapy.core.scraper] DEBUG: Scraped from <200 https://www.wikipedia.org>
{'text': 'Արեւմտահայերէն', 'url': 'https://hyw.wikipedia.org/'}
2021-08-17 13:37:11 [scrapy.core.scraper] DEBUG: Scraped from <200 https://www.wikipedia.org>
{'text': 'Armãneashce', 'url': 'https://roa-rup.wikipedia.org/'}
2021-08-17 13:37:11 [scrapy.core.scraper] DEBUG: Scraped from <200 https://www.wikipedia.org>
{'text': 'Arpitan', 'url': 'https://frp.wikipedia.org/'}
2021-08-17 13:37:11 [scrapy.core.scraper] DEBUG: Scraped from <200 https://www.wikipedia.org>
{'text': 'asụsụ bekee maọbụ asụsụ oyibo', 'url': 'https://ig.wikipedia.org/'}
2021-08-17 13:37:11 [scrapy.core.scraper] DEBUG: Scraped from <200 https://www.wikipedia.org>
{'url': 'https://arc.wikipedia.org/'}
2021-08-17 13:37:11 [scrapy.core.scraper] DEBUG: Scraped from <200 https://www.wikipedia.org>
{'text': 'Avañe’ẽ', 'url': 'https://gn.wikipedia.org/'}
2021-08-17 13:37:11 [scrapy.core.scraper] DEBUG: Scraped from <200 https://www.wikipedia.org>
{'text': 'Авар', 'url': 'https://av.wikipedia.org/'}
2021-08-17 13:37:11 [scrapy.core.scraper] DEBUG: Scraped from <200 https://www.wikipedia.org>
{'text': 'Aymar', 'url': 'https://ay.wikipedia.org/'}
2021-08-17 13:37:11 [scrapy.core.scraper] DEBUG: Scraped from <200 https://www.wikipedia.org>
{'text': 'Basa Bali', 'url': 'https://ban.wikipedia.org/'}
2021-08-17 13:37:11 [scrapy.core.scraper] DEBUG: Scraped from <200 https://www.wikipedia.org>
{'text': 'Bahasa Banjar', 'url': 'https://bjn.wikipedia.org/'}
2021-08-17 13:37:11 [scrapy.core.scraper] DEBUG: Scraped from <200 https://www.wikipedia.org>
{'text': 'भोजपुरी', 'url': 'https://bh.wikipedia.org/'}
2021-08-17 13:37:11 [scrapy.core.scraper] DEBUG: Scraped from <200 https://www.wikipedia.org>
{'text': 'Bislama', 'url': 'https://bi.wikipedia.org/'}
2021-08-17 13:37:11 [scrapy.core.scraper] DEBUG: Scraped from <200 https://www.wikipedia.org>
{'text': 'བོད་ཡིག', 'url': 'https://bo.wikipedia.org/'}
2021-08-17 13:37:11 [scrapy.core.scraper] DEBUG: Scraped from <200 https://www.wikipedia.org>
{'text': 'Буряад', 'url': 'https://bxr.wikipedia.org/'}
2021-08-17 13:37:11 [scrapy.core.scraper] DEBUG: Scraped from <200 https://www.wikipedia.org>
{'text': 'Chavacano de Zamboanga', 'url': 'https://cbk-zam.wikipedia.org/'}
2021-08-17 13:37:11 [scrapy.core.scraper] DEBUG: Scraped from <200 https://www.wikipedia.org>
{'text': 'Corsu', 'url': 'https://co.wikipedia.org/'}
2021-08-17 13:37:11 [scrapy.core.scraper] DEBUG: Scraped from <200 https://www.wikipedia.org>
{'text': 'Vahcuengh / 話僮', 'url': 'https://za.wikipedia.org/'}
2021-08-17 13:37:11 [scrapy.core.scraper] DEBUG: Scraped from <200 https://www.wikipedia.org>
{'text': 'Davvisámegiella', 'url': 'https://se.wikipedia.org/'}
2021-08-17 13:37:11 [scrapy.core.scraper] DEBUG: Scraped from <200 https://www.wikipedia.org>
{'text': 'Deitsch', 'url': 'https://pdc.wikipedia.org/'}
2021-08-17 13:37:12 [scrapy.core.scraper] DEBUG: Scraped from <200 https://www.wikipedia.org>
{'text': 'Dolnoserbski', 'url': 'https://dsb.wikipedia.org/'}
2021-08-17 13:37:12 [scrapy.core.scraper] DEBUG: Scraped from <200 https://www.wikipedia.org>
{'text': 'Эрзянь', 'url': 'https://myv.wikipedia.org/'}
2021-08-17 13:37:12 [scrapy.core.scraper] DEBUG: Scraped from <200 https://www.wikipedia.org>
{'text': 'Estremeñu', 'url': 'https://ext.wikipedia.org/'}
2021-08-17 13:37:12 [scrapy.core.scraper] DEBUG: Scraped from <200 https://www.wikipedia.org>
{'text': 'Fiji Hindi', 'url': 'https://hif.wikipedia.org/'}
2021-08-17 13:37:12 [scrapy.core.scraper] DEBUG: Scraped from <200 https://www.wikipedia.org>
{'text': 'Furlan', 'url': 'https://fur.wikipedia.org/'}
2021-08-17 13:37:12 [scrapy.core.scraper] DEBUG: Scraped from <200 https://www.wikipedia.org>
{'text': 'Gaelg', 'url': 'https://gv.wikipedia.org/'}
2021-08-17 13:37:12 [scrapy.core.scraper] DEBUG: Scraped from <200 https://www.wikipedia.org>
{'text': 'Gagauz', 'url': 'https://gag.wikipedia.org/'}
2021-08-17 13:37:12 [scrapy.core.scraper] DEBUG: Scraped from <200 https://www.wikipedia.org>
{'text': 'Gĩkũyũ', 'url': 'https://ki.wikipedia.org/'}
2021-08-17 13:37:12 [scrapy.core.scraper] DEBUG: Scraped from <200 https://www.wikipedia.org>
{'url': 'https://glk.wikipedia.org/'}
2021-08-17 13:37:12 [scrapy.core.scraper] DEBUG: Scraped from <200 https://www.wikipedia.org>
{'text': '贛語', 'url': 'https://gan.wikipedia.org/'}
2021-08-17 13:37:12 [scrapy.core.scraper] DEBUG: Scraped from <200 https://www.wikipedia.org>
{'text': 'Hak-kâ-ngî / 客家語', 'url': 'https://hak.wikipedia.org/'}
2021-08-17 13:37:12 [scrapy.core.scraper] DEBUG: Scraped from <200 https://www.wikipedia.org>
{'text': 'Хальмг', 'url': 'https://xal.wikipedia.org/'}
2021-08-17 13:37:12 [scrapy.core.scraper] DEBUG: Scraped from <200 https://www.wikipedia.org>
{'text': 'ʻŌlelo Hawaiʻi', 'url': 'https://haw.wikipedia.org/'}
2021-08-17 13:37:12 [scrapy.core.scraper] DEBUG: Scraped from <200 https://www.wikipedia.org>
{'text': 'Interlingue', 'url': 'https://ie.wikipedia.org/'}
2021-08-17 13:37:12 [scrapy.core.scraper] DEBUG: Scraped from <200 https://www.wikipedia.org>
{'text': 'Kapampangan', 'url': 'https://pam.wikipedia.org/'}
2021-08-17 13:37:12 [scrapy.core.scraper] DEBUG: Scraped from <200 https://www.wikipedia.org>
{'text': 'Kaszëbsczi', 'url': 'https://csb.wikipedia.org/'}
2021-08-17 13:37:12 [scrapy.core.scraper] DEBUG: Scraped from <200 https://www.wikipedia.org>
{'text': 'Kernewek', 'url': 'https://kw.wikipedia.org/'}
2021-08-17 13:37:12 [scrapy.core.scraper] DEBUG: Scraped from <200 https://www.wikipedia.org>
{'text': 'ភាសាខ្មែរ', 'url': 'https://km.wikipedia.org/'}
2021-08-17 13:37:12 [scrapy.core.scraper] DEBUG: Scraped from <200 https://www.wikipedia.org>
{'text': 'Kinyarwanda', 'url': 'https://rw.wikipedia.org/'}
2021-08-17 13:37:12 [scrapy.core.scraper] DEBUG: Scraped from <200 https://www.wikipedia.org>
{'text': 'Коми', 'url': 'https://kv.wikipedia.org/'}
2021-08-17 13:37:12 [scrapy.core.scraper] DEBUG: Scraped from <200 https://www.wikipedia.org>
{'text': 'Kongo', 'url': 'https://kg.wikipedia.org/'}
2021-08-17 13:37:12 [scrapy.core.scraper] DEBUG: Scraped from <200 https://www.wikipedia.org>
{'text': 'कोंकणी / Konknni', 'url': 'https://gom.wikipedia.org/'}
2021-08-17 13:37:12 [scrapy.core.scraper] DEBUG: Scraped from <200 https://www.wikipedia.org>
{'text': 'Kriyòl Gwiyannen', 'url': 'https://gcr.wikipedia.org/'}
2021-08-17 13:37:12 [scrapy.core.scraper] DEBUG: Scraped from <200 https://www.wikipedia.org>
{'text': 'ພາສາລາວ', 'url': 'https://lo.wikipedia.org/'}
2021-08-17 13:37:12 [scrapy.core.scraper] DEBUG: Scraped from <200 https://www.wikipedia.org>
{'text': ' / ', 'url': 'https://lad.wikipedia.org/'}
2021-08-17 13:37:12 [scrapy.core.scraper] DEBUG: Scraped from <200 https://www.wikipedia.org>
{'text': 'Лакку', 'url': 'https://lbe.wikipedia.org/'}
2021-08-17 13:37:12 [scrapy.core.scraper] DEBUG: Scraped from <200 https://www.wikipedia.org>
{'text': 'Latgaļu', 'url': 'https://ltg.wikipedia.org/'}
2021-08-17 13:37:12 [scrapy.core.scraper] DEBUG: Scraped from <200 https://www.wikipedia.org>
{'text': 'Лезги', 'url': 'https://lez.wikipedia.org/'}
2021-08-17 13:37:12 [scrapy.core.scraper] DEBUG: Scraped from <200 https://www.wikipedia.org>
{'text': 'Lingála', 'url': 'https://ln.wikipedia.org/'}
2021-08-17 13:37:12 [scrapy.core.scraper] DEBUG: Scraped from <200 https://www.wikipedia.org>
{'text': 'lojban', 'url': 'https://jbo.wikipedia.org/'}
2021-08-17 13:37:12 [scrapy.core.scraper] DEBUG: Scraped from <200 https://www.wikipedia.org>
{'text': 'Luganda', 'url': 'https://lg.wikipedia.org/'}
2021-08-17 13:37:12 [scrapy.core.scraper] DEBUG: Scraped from <200 https://www.wikipedia.org>
{'text': 'Malti', 'url': 'https://mt.wikipedia.org/'}
2021-08-17 13:37:12 [scrapy.core.scraper] DEBUG: Scraped from <200 https://www.wikipedia.org>
{'text': 'Reo Mā’ohi', 'url': 'https://ty.wikipedia.org/'}
2021-08-17 13:37:12 [scrapy.core.scraper] DEBUG: Scraped from <200 https://www.wikipedia.org>
{'text': 'Māori', 'url': 'https://mi.wikipedia.org/'}
2021-08-17 13:37:12 [scrapy.core.scraper] DEBUG: Scraped from <200 https://www.wikipedia.org>
{'text': 'Mirandés', 'url': 'https://mwl.wikipedia.org/'}
2021-08-17 13:37:12 [scrapy.core.scraper] DEBUG: Scraped from <200 https://www.wikipedia.org>
{'text': 'Мокшень', 'url': 'https://mdf.wikipedia.org/'}
2021-08-17 13:37:12 [scrapy.core.scraper] DEBUG: Scraped from <200 https://www.wikipedia.org>
{'text': 'Na Vosa Vaka-Viti', 'url': 'https://fj.wikipedia.org/'}
2021-08-17 13:37:12 [scrapy.core.scraper] DEBUG: Scraped from <200 https://www.wikipedia.org>
{'text': 'Nāhuatlahtōlli', 'url': 'https://nah.wikipedia.org/'}
2021-08-17 13:37:12 [scrapy.core.scraper] DEBUG: Scraped from <200 https://www.wikipedia.org>
{'text': 'Dorerin Naoero', 'url': 'https://na.wikipedia.org/'}
2021-08-17 13:37:12 [scrapy.core.scraper] DEBUG: Scraped from <200 https://www.wikipedia.org>
{'text': 'Nedersaksisch', 'url': 'https://nds-nl.wikipedia.org/'}
2021-08-17 13:37:12 [scrapy.core.scraper] DEBUG: Scraped from <200 https://www.wikipedia.org>
{'text': 'Nouormand / Normaund', 'url': 'https://nrm.wikipedia.org/'}
2021-08-17 13:37:12 [scrapy.core.scraper] DEBUG: Scraped from <200 https://www.wikipedia.org>
{'text': 'Novial', 'url': 'https://nov.wikipedia.org/'}
2021-08-17 13:37:12 [scrapy.core.scraper] DEBUG: Scraped from <200 https://www.wikipedia.org>
{'text': 'Afaan Oromoo', 'url': 'https://om.wikipedia.org/'}
2021-08-17 13:37:12 [scrapy.core.scraper] DEBUG: Scraped from <200 https://www.wikipedia.org>
{'text': 'অসমীযা়', 'url': 'https://as.wikipedia.org/'}
2021-08-17 13:37:12 [scrapy.core.scraper] DEBUG: Scraped from <200 https://www.wikipedia.org>
{'text': 'पालि', 'url': 'https://pi.wikipedia.org/'}
2021-08-17 13:37:12 [scrapy.core.scraper] DEBUG: Scraped from <200 https://www.wikipedia.org>
{'text': 'Pangasinán', 'url': 'https://pag.wikipedia.org/'}
2021-08-17 13:37:12 [scrapy.core.scraper] DEBUG: Scraped from <200 https://www.wikipedia.org>
{'text': 'Papiamentu', 'url': 'https://pap.wikipedia.org/'}
2021-08-17 13:37:12 [scrapy.core.scraper] DEBUG: Scraped from <200 https://www.wikipedia.org>
{'text': 'Перем Коми', 'url': 'https://koi.wikipedia.org/'}
2021-08-17 13:37:12 [scrapy.core.scraper] DEBUG: Scraped from <200 https://www.wikipedia.org>
{'text': 'Pfälzisch', 'url': 'https://pfl.wikipedia.org/'}
2021-08-17 13:37:12 [scrapy.core.scraper] DEBUG: Scraped from <200 https://www.wikipedia.org>
{'text': 'Picard', 'url': 'https://pcd.wikipedia.org/'}
2021-08-17 13:37:12 [scrapy.core.scraper] DEBUG: Scraped from <200 https://www.wikipedia.org>
{'text': 'Къарачай–Малкъар', 'url': 'https://krc.wikipedia.org/'}
2021-08-17 13:37:12 [scrapy.core.scraper] DEBUG: Scraped from <200 https://www.wikipedia.org>
{'text': 'Qaraqalpaqsha', 'url': 'https://kaa.wikipedia.org/'}
2021-08-17 13:37:12 [scrapy.core.scraper] DEBUG: Scraped from <200 https://www.wikipedia.org>
{'text': 'Ripoarisch', 'url': 'https://ksh.wikipedia.org/'}
2021-08-17 13:37:12 [scrapy.core.scraper] DEBUG: Scraped from <200 https://www.wikipedia.org>
{'text': 'Rumantsch', 'url': 'https://rm.wikipedia.org/'}
2021-08-17 13:37:12 [scrapy.core.scraper] DEBUG: Scraped from <200 https://www.wikipedia.org>
{'text': 'Русиньскый Язык', 'url': 'https://rue.wikipedia.org/'}
2021-08-17 13:37:12 [scrapy.core.scraper] DEBUG: Scraped from <200 https://www.wikipedia.org>
{'text': 'Gagana Sāmoa', 'url': 'https://sm.wikipedia.org/'}
2021-08-17 13:37:12 [scrapy.core.scraper] DEBUG: Scraped from <200 https://www.wikipedia.org>
{'text': 'Sardu', 'url': 'https://sc.wikipedia.org/'}
2021-08-17 13:37:12 [scrapy.core.scraper] DEBUG: Scraped from <200 https://www.wikipedia.org>
{'text': 'Seeltersk', 'url': 'https://stq.wikipedia.org/'}
2021-08-17 13:37:12 [scrapy.core.scraper] DEBUG: Scraped from <200 https://www.wikipedia.org>
{'text': 'Sesotho sa Leboa', 'url': 'https://nso.wikipedia.org/'}
2021-08-17 13:37:12 [scrapy.core.scraper] DEBUG: Scraped from <200 https://www.wikipedia.org>
{'text': 'ChiShona', 'url': 'https://sn.wikipedia.org/'}
2021-08-17 13:37:12 [scrapy.core.scraper] DEBUG: Scraped from <200 https://www.wikipedia.org>
{'text': 'Soomaaliga', 'url': 'https://so.wikipedia.org/'}
2021-08-17 13:37:12 [scrapy.core.scraper] DEBUG: Scraped from <200 https://www.wikipedia.org>
{'text': 'Sranantongo', 'url': 'https://srn.wikipedia.org/'}
2021-08-17 13:37:12 [scrapy.core.scraper] DEBUG: Scraped from <200 https://www.wikipedia.org>
{'text': 'Taqbaylit', 'url': 'https://kab.wikipedia.org/'}
2021-08-17 13:37:12 [scrapy.core.scraper] DEBUG: Scraped from <200 https://www.wikipedia.org>
{'text': 'Tarandíne', 'url': 'https://roa-tara.wikipedia.org/'}
2021-08-17 13:37:12 [scrapy.core.scraper] DEBUG: Scraped from <200 https://www.wikipedia.org>
{'text': 'Tetun', 'url': 'https://tet.wikipedia.org/'}
2021-08-17 13:37:12 [scrapy.core.scraper] DEBUG: Scraped from <200 https://www.wikipedia.org>
{'text': 'Tok Pisin', 'url': 'https://tpi.wikipedia.org/'}
2021-08-17 13:37:12 [scrapy.core.scraper] DEBUG: Scraped from <200 https://www.wikipedia.org>
{'text': 'faka Tonga', 'url': 'https://to.wikipedia.org/'}
2021-08-17 13:37:12 [scrapy.core.scraper] DEBUG: Scraped from <200 https://www.wikipedia.org>
{'text': 'Türkmençe', 'url': 'https://tk.wikipedia.org/'}
2021-08-17 13:37:12 [scrapy.core.scraper] DEBUG: Scraped from <200 https://www.wikipedia.org>
{'text': 'Тыва дыл', 'url': 'https://tyv.wikipedia.org/'}
2021-08-17 13:37:12 [scrapy.core.scraper] DEBUG: Scraped from <200 https://www.wikipedia.org>
{'text': 'Удмурт', 'url': 'https://udm.wikipedia.org/'}
2021-08-17 13:37:12 [scrapy.core.scraper] DEBUG: Scraped from <200 https://www.wikipedia.org>
{'url': 'https://ug.wikipedia.org/'}
2021-08-17 13:37:12 [scrapy.core.scraper] DEBUG: Scraped from <200 https://www.wikipedia.org>
{'text': 'Vepsän', 'url': 'https://vep.wikipedia.org/'}
2021-08-17 13:37:12 [scrapy.core.scraper] DEBUG: Scraped from <200 https://www.wikipedia.org>
{'text': 'Võro', 'url': 'https://fiu-vro.wikipedia.org/'}
2021-08-17 13:37:12 [scrapy.core.scraper] DEBUG: Scraped from <200 https://www.wikipedia.org>
{'text': 'West-Vlams', 'url': 'https://vls.wikipedia.org/'}
2021-08-17 13:37:12 [scrapy.core.scraper] DEBUG: Scraped from <200 https://www.wikipedia.org>
{'text': 'Wolof', 'url': 'https://wo.wikipedia.org/'}
2021-08-17 13:37:12 [scrapy.core.scraper] DEBUG: Scraped from <200 https://www.wikipedia.org>
{'text': 'isiXhosa', 'url': 'https://xh.wikipedia.org/'}
2021-08-17 13:37:12 [scrapy.core.scraper] DEBUG: Scraped from <200 https://www.wikipedia.org>
{'text': 'Zeêuws', 'url': 'https://zea.wikipedia.org/'}
2021-08-17 13:37:12 [scrapy.core.scraper] DEBUG: Scraped from <200 https://www.wikipedia.org>
{'text': 'isiZulu', 'url': 'https://zu.wikipedia.org/'}
2021-08-17 13:37:12 [scrapy.core.scraper] DEBUG: Scraped from <200 https://www.wikipedia.org>
{'url': 'https://dv.wikipedia.org/'}
2021-08-17 13:37:12 [scrapy.core.scraper] DEBUG: Scraped from <200 https://www.wikipedia.org>
{'text': 'Bamanankan', 'url': 'https://bm.wikipedia.org/'}
2021-08-17 13:37:12 [scrapy.core.scraper] DEBUG: Scraped from <200 https://www.wikipedia.org>
{'text': 'Chamoru', 'url': 'https://ch.wikipedia.org/'}
2021-08-17 13:37:12 [scrapy.core.scraper] DEBUG: Scraped from <200 https://www.wikipedia.org>
{'text': 'Chichewa', 'url': 'https://ny.wikipedia.org/'}
2021-08-17 13:37:12 [scrapy.core.scraper] DEBUG: Scraped from <200 https://www.wikipedia.org>
{'text': 'Eʋegbe', 'url': 'https://ee.wikipedia.org/'}
2021-08-17 13:37:12 [scrapy.core.scraper] DEBUG: Scraped from <200 https://www.wikipedia.org>
{'text': 'Fulfulde', 'url': 'https://ff.wikipedia.org/'}
2021-08-17 13:37:12 [scrapy.core.scraper] DEBUG: Scraped from <200 https://www.wikipedia.org>
{'text': '𐌲𐌿𐍄𐌹𐍃𐌺', 'url': 'https://got.wikipedia.org/'}
2021-08-17 13:37:12 [scrapy.core.scraper] DEBUG: Scraped from <200 https://www.wikipedia.org>
{'text': 'ᐃᓄᒃᑎᑐᑦ / Inuktitut', 'url': 'https://iu.wikipedia.org/'}
2021-08-17 13:37:12 [scrapy.core.scraper] DEBUG: Scraped from <200 https://www.wikipedia.org>
{'text': 'Iñupiak', 'url': 'https://ik.wikipedia.org/'}
2021-08-17 13:37:12 [scrapy.core.scraper] DEBUG: Scraped from <200 https://www.wikipedia.org>
{'text': 'Kalaallisut', 'url': 'https://kl.wikipedia.org/'}
2021-08-17 13:37:12 [scrapy.core.scraper] DEBUG: Scraped from <200 https://www.wikipedia.org>
{'url': 'https://ks.wikipedia.org/'}
2021-08-17 13:37:12 [scrapy.core.scraper] DEBUG: Scraped from <200 https://www.wikipedia.org>
{'text': 'Nēhiyawēwin / ᓀᐦᐃᔭᐍᐏᐣ', 'url': 'https://cr.wikipedia.org/'}
2021-08-17 13:37:12 [scrapy.core.scraper] DEBUG: Scraped from <200 https://www.wikipedia.org>
{'text': 'Norfuk / Pitkern', 'url': 'https://pih.wikipedia.org/'}
2021-08-17 13:37:13 [scrapy.core.scraper] DEBUG: Scraped from <200 https://www.wikipedia.org>
{'text': 'Ποντιακά', 'url': 'https://pnt.wikipedia.org/'}
2021-08-17 13:37:13 [scrapy.core.scraper] DEBUG: Scraped from <200 https://www.wikipedia.org>
{'text': 'རྫོང་ཁ', 'url': 'https://dz.wikipedia.org/'}
2021-08-17 13:37:13 [scrapy.core.scraper] DEBUG: Scraped from <200 https://www.wikipedia.org>
{'text': 'Romani', 'url': 'https://rmy.wikipedia.org/'}
2021-08-17 13:37:13 [scrapy.core.scraper] DEBUG: Scraped from <200 https://www.wikipedia.org>
{'text': 'Kirundi', 'url': 'https://rn.wikipedia.org/'}
2021-08-17 13:37:13 [scrapy.core.scraper] DEBUG: Scraped from <200 https://www.wikipedia.org>
{'text': 'Sängö', 'url': 'https://sg.wikipedia.org/'}
2021-08-17 13:37:13 [scrapy.core.scraper] DEBUG: Scraped from <200 https://www.wikipedia.org>
{'text': 'Sesotho', 'url': 'https://st.wikipedia.org/'}
2021-08-17 13:37:13 [scrapy.core.scraper] DEBUG: Scraped from <200 https://www.wikipedia.org>
{'text': 'Setswana', 'url': 'https://tn.wikipedia.org/'}
2021-08-17 13:37:13 [scrapy.core.scraper] DEBUG: Scraped from <200 https://www.wikipedia.org>
{'text': 'Словѣ́ньскъ / ⰔⰎⰑⰂⰡⰐⰠⰔⰍⰟ', 'url': 'https://cu.wikipedia.org/'}
2021-08-17 13:37:13 [scrapy.core.scraper] DEBUG: Scraped from <200 https://www.wikipedia.org>
{'text': 'SiSwati', 'url': 'https://ss.wikipedia.org/'}
2021-08-17 13:37:13 [scrapy.core.scraper] DEBUG: Scraped from <200 https://www.wikipedia.org>
{'text': 'ᏣᎳᎩ', 'url': 'https://chr.wikipedia.org/'}
2021-08-17 13:37:13 [scrapy.core.scraper] DEBUG: Scraped from <200 https://www.wikipedia.org>
{'text': 'Tsėhesenėstsestotse', 'url': 'https://chy.wikipedia.org/'}
2021-08-17 13:37:13 [scrapy.core.scraper] DEBUG: Scraped from <200 https://www.wikipedia.org>
{'text': 'Tshivenḓa', 'url': 'https://ve.wikipedia.org/'}
2021-08-17 13:37:13 [scrapy.core.scraper] DEBUG: Scraped from <200 https://www.wikipedia.org>
{'text': 'Xitsonga', 'url': 'https://ts.wikipedia.org/'}
2021-08-17 13:37:13 [scrapy.core.scraper] DEBUG: Scraped from <200 https://www.wikipedia.org>
{'text': 'chiTumbuka', 'url': 'https://tum.wikipedia.org/'}
2021-08-17 13:37:13 [scrapy.core.scraper] DEBUG: Scraped from <200 https://www.wikipedia.org>
{'text': 'Twi', 'url': 'https://tw.wikipedia.org/'}
2021-08-17 13:37:13 [scrapy.core.scraper] DEBUG: Scraped from <200 https://www.wikipedia.org>
{'text': 'ትግርኛ', 'url': 'https://ti.wikipedia.org/'}
2021-08-17 13:37:13 [scrapy.core.scraper] DEBUG: Scraped from <200 https://www.wikipedia.org>
{'text': 'ߒߞߏ', 'url': 'https://nqo.wikipedia.org/'}
2021-08-17 13:37:13 [scrapy.core.scraper] DEBUG: Scraped from <200 https://www.wikipedia.org>
{'url': 'https://meta.wikimedia.org/wiki/Special:MyLanguage/List_of_Wikipedias'}
2021-08-17 13:37:13 [scrapy.core.scraper] DEBUG: Scraped from <200 https://www.wikipedia.org>
{'text': '\n',
 'url': 'https://donate.wikimedia.org/?utm_medium=portal&utm_campaign=portalFooter&utm_source=portalFooter'}
2021-08-17 13:37:13 [scrapy.core.scraper] DEBUG: Scraped from <200 https://www.wikipedia.org>
{'text': '\nDownload Wikipedia for Android or iOS\n',
 'url': 'https://en.wikipedia.org/wiki/List_of_Wikipedia_mobile_applications'}
2021-08-17 13:37:13 [scrapy.core.scraper] DEBUG: Scraped from <200 https://www.wikipedia.org>
{'text': '\n',
 'url': 'https://play.google.com/store/apps/details?id=org.wikipedia&referrer=utm_source%3Dportal%26utm_medium%3Dbutton%26anid%3Dadmob'}
2021-08-17 13:37:13 [scrapy.core.scraper] DEBUG: Scraped from <200 https://www.wikipedia.org>
{'text': '\n',
 'url': 'https://itunes.apple.com/app/apple-store/id324715238?pt=208305&ct=portal&mt=8'}
2021-08-17 13:37:13 [scrapy.core.scraper] DEBUG: Scraped from <200 https://www.wikipedia.org>
{'text': '\n', 'url': 'https://commons.wikimedia.org/'}
2021-08-17 13:37:13 [scrapy.core.scraper] DEBUG: Scraped from <200 https://www.wikipedia.org>
{'text': '\n', 'url': 'https://www.wikivoyage.org/'}
2021-08-17 13:37:13 [scrapy.core.scraper] DEBUG: Scraped from <200 https://www.wikipedia.org>
{'text': '\n', 'url': 'https://www.wiktionary.org/'}
2021-08-17 13:37:13 [scrapy.core.scraper] DEBUG: Scraped from <200 https://www.wikipedia.org>
{'text': '\n', 'url': 'https://www.wikibooks.org/'}
2021-08-17 13:37:13 [scrapy.core.scraper] DEBUG: Scraped from <200 https://www.wikipedia.org>
{'text': '\n', 'url': 'https://www.wikinews.org/'}
2021-08-17 13:37:13 [scrapy.core.scraper] DEBUG: Scraped from <200 https://www.wikipedia.org>
{'text': '\n', 'url': 'https://www.wikidata.org/'}
2021-08-17 13:37:13 [scrapy.core.scraper] DEBUG: Scraped from <200 https://www.wikipedia.org>
{'text': '\n', 'url': 'https://www.wikiversity.org/'}
2021-08-17 13:37:13 [scrapy.core.scraper] DEBUG: Scraped from <200 https://www.wikipedia.org>
{'text': '\n', 'url': 'https://www.wikiquote.org/'}
2021-08-17 13:37:13 [scrapy.core.scraper] DEBUG: Scraped from <200 https://www.wikipedia.org>
{'text': '\n', 'url': 'https://www.mediawiki.org/'}
2021-08-17 13:37:13 [scrapy.core.scraper] DEBUG: Scraped from <200 https://www.wikipedia.org>
{'text': '\n', 'url': 'https://www.wikisource.org/'}
2021-08-17 13:37:13 [scrapy.core.scraper] DEBUG: Scraped from <200 https://www.wikipedia.org>
{'text': '\n', 'url': 'https://species.wikimedia.org/'}
2021-08-17 13:37:13 [scrapy.core.scraper] DEBUG: Scraped from <200 https://www.wikipedia.org>
{'text': '\n', 'url': 'https://meta.wikimedia.org/'}
2021-08-17 13:37:13 [scrapy.core.scraper] DEBUG: Scraped from <200 https://www.wikipedia.org>
{'text': 'Creative Commons Attribution-ShareAlike License',
 'url': 'https://creativecommons.org/licenses/by-sa/3.0/'}
2021-08-17 13:37:13 [scrapy.core.scraper] DEBUG: Scraped from <200 https://www.wikipedia.org>
{'text': 'Terms of Use', 'url': 'https://meta.wikimedia.org/wiki/Terms_of_use'}
2021-08-17 13:37:13 [scrapy.core.scraper] DEBUG: Scraped from <200 https://www.wikipedia.org>
{'text': 'Privacy Policy',
 'url': 'https://meta.wikimedia.org/wiki/Privacy_policy'}
2021-08-17 13:37:13 [scrapy.core.engine] INFO: Closing spider (finished)
2021-08-17 13:37:13 [scrapy.statscollectors] INFO: Dumping Scrapy stats:
{'downloader/request_bytes': 867,
 'downloader/request_count': 3,
 'downloader/request_method_count/GET': 3,
 'downloader/response_bytes': 26121,
 'downloader/response_count': 3,
 'downloader/response_status_count/200': 2,
 'downloader/response_status_count/301': 1,
 'elapsed_time_seconds': 5.885473,
 'finish_reason': 'finished',
 'finish_time': datetime.datetime(2021, 8, 17, 13, 37, 13, 732507),
 'httpcompression/response_bytes': 101200,
 'httpcompression/response_count': 2,
 'item_scraped_count': 313,
 'log_count/DEBUG': 317,
 'log_count/INFO': 10,
 'log_count/WARNING': 2,
 'memusage/max': 77496320,
 'memusage/startup': 77496320,
 'response_received_count': 2,
 'robotstxt/request_count': 1,
 'robotstxt/response_count': 1,
 'robotstxt/response_status_count/200': 1,
 'scheduler/dequeued': 1,
 'scheduler/dequeued/memory': 1,
 'scheduler/enqueued': 1,
 'scheduler/enqueued/memory': 1,
 'start_time': datetime.datetime(2021, 8, 17, 13, 37, 7, 847034)}
2021-08-17 13:37:13 [scrapy.core.engine] INFO: Spider closed (finished)
