2021-07-19 04:30:07 [scrapy.utils.log] INFO: Scrapy 2.5.0 started (bot: link_scraper)
2021-07-19 04:30:07 [scrapy.utils.log] INFO: Versions: lxml 4.6.3.0, libxml2 2.9.10, cssselect 1.1.0, parsel 1.6.0, w3lib 1.22.0, Twisted 21.2.0, Python 3.8.3 (default, Jul  2 2020, 16:21:59) - [GCC 7.3.0], pyOpenSSL 20.0.1 (OpenSSL 1.1.1k  25 Mar 2021), cryptography 3.4.7, Platform Linux-4.15.0-147-generic-x86_64-with-glibc2.10
2021-07-19 04:30:07 [scrapy.utils.log] DEBUG: Using reactor: twisted.internet.epollreactor.EPollReactor
2021-07-19 04:30:07 [scrapy.crawler] INFO: Overridden settings:
{'BOT_NAME': 'link_scraper',
 'LOG_FILE': 'logs/default/link_spider/fc4ab5fce84911eb996beb27b8b60983.log',
 'NEWSPIDER_MODULE': 'link_scraper.spiders',
 'ROBOTSTXT_OBEY': True,
 'SPIDER_MODULES': ['link_scraper.spiders']}
2021-07-19 04:30:07 [scrapy.extensions.telnet] INFO: Telnet Password: a072f74065888a1b
2021-07-19 04:30:07 [scrapy.middleware] INFO: Enabled extensions:
['scrapy.extensions.corestats.CoreStats',
 'scrapy.extensions.telnet.TelnetConsole',
 'scrapy.extensions.memusage.MemoryUsage',
 'scrapy.extensions.logstats.LogStats']
2021-07-19 04:30:07 [scrapy.middleware] INFO: Enabled downloader middlewares:
['scrapy.downloadermiddlewares.robotstxt.RobotsTxtMiddleware',
 'scrapy.downloadermiddlewares.httpauth.HttpAuthMiddleware',
 'scrapy.downloadermiddlewares.downloadtimeout.DownloadTimeoutMiddleware',
 'scrapy.downloadermiddlewares.defaultheaders.DefaultHeadersMiddleware',
 'scrapy.downloadermiddlewares.useragent.UserAgentMiddleware',
 'scrapy.downloadermiddlewares.retry.RetryMiddleware',
 'scrapy.downloadermiddlewares.redirect.MetaRefreshMiddleware',
 'scrapy.downloadermiddlewares.httpcompression.HttpCompressionMiddleware',
 'scrapy.downloadermiddlewares.redirect.RedirectMiddleware',
 'scrapy.downloadermiddlewares.cookies.CookiesMiddleware',
 'scrapy.downloadermiddlewares.httpproxy.HttpProxyMiddleware',
 'scrapy.downloadermiddlewares.stats.DownloaderStats']
2021-07-19 04:30:07 [scrapy.middleware] INFO: Enabled spider middlewares:
['scrapy.spidermiddlewares.httperror.HttpErrorMiddleware',
 'scrapy.spidermiddlewares.offsite.OffsiteMiddleware',
 'scrapy.spidermiddlewares.referer.RefererMiddleware',
 'scrapy.spidermiddlewares.urllength.UrlLengthMiddleware',
 'scrapy.spidermiddlewares.depth.DepthMiddleware']
2021-07-19 04:30:07 [scrapy.middleware] INFO: Enabled item pipelines:
['link_scraper.pipelines.LinkScraperPipeline']
2021-07-19 04:30:07 [scrapy.core.engine] INFO: Spider opened
2021-07-19 04:30:07 [scrapy.extensions.logstats] INFO: Crawled 0 pages (at 0 pages/min), scraped 0 items (at 0 items/min)
2021-07-19 04:30:07 [scrapy.extensions.telnet] INFO: Telnet console listening on 127.0.0.1:6023
2021-07-19 04:30:08 [scrapy.core.engine] DEBUG: Crawled (404) <GET http://quotes.toscrape.com/robots.txt> (referer: None)
2021-07-19 04:30:08 [scrapy.core.engine] DEBUG: Crawled (200) <GET http://quotes.toscrape.com/> (referer: None)
2021-07-19 04:30:08 [py.warnings] WARNING: /home/geofferyj/Documents/web_developement/django/django_crud/link_scraper/spiders/link_spider.py:28: ScrapyDeprecationWarning: scrapy.loader.processors.TakeFirst is deprecated, instantiate itemloaders.processors.TakeFirst instead.
  loader.default_output_processor = TakeFirst()

2021-07-19 04:30:08 [py.warnings] WARNING: /home/geofferyj/Documents/web_developement/django/django_crud/link_scraper/spiders/link_spider.py:30: ScrapyDeprecationWarning: scrapy.loader.processors.TakeFirst is deprecated, instantiate itemloaders.processors.TakeFirst instead.
  loader.add_css('url', 'a::attr(href)', TakeFirst(), response.urljoin)

2021-07-19 04:30:08 [asyncio] DEBUG: Using selector: EpollSelector
2021-07-19 04:30:08 [scrapy.core.scraper] DEBUG: Scraped from <200 http://quotes.toscrape.com/>
{'text': 'Quotes to Scrape', 'url': 'http://quotes.toscrape.com/'}
2021-07-19 04:30:08 [scrapy.core.scraper] DEBUG: Scraped from <200 http://quotes.toscrape.com/>
{'text': 'Login', 'url': 'http://quotes.toscrape.com/login'}
2021-07-19 04:30:08 [scrapy.core.scraper] DEBUG: Scraped from <200 http://quotes.toscrape.com/>
{'text': '(about)', 'url': 'http://quotes.toscrape.com/author/Albert-Einstein'}
2021-07-19 04:30:08 [scrapy.core.scraper] DEBUG: Scraped from <200 http://quotes.toscrape.com/>
{'text': 'change', 'url': 'http://quotes.toscrape.com/tag/change/page/1/'}
2021-07-19 04:30:09 [scrapy.core.scraper] DEBUG: Scraped from <200 http://quotes.toscrape.com/>
{'text': 'deep-thoughts',
 'url': 'http://quotes.toscrape.com/tag/deep-thoughts/page/1/'}
2021-07-19 04:30:09 [scrapy.core.scraper] DEBUG: Scraped from <200 http://quotes.toscrape.com/>
{'text': 'thinking', 'url': 'http://quotes.toscrape.com/tag/thinking/page/1/'}
2021-07-19 04:30:09 [scrapy.core.scraper] DEBUG: Scraped from <200 http://quotes.toscrape.com/>
{'text': 'world', 'url': 'http://quotes.toscrape.com/tag/world/page/1/'}
2021-07-19 04:30:09 [scrapy.core.scraper] DEBUG: Scraped from <200 http://quotes.toscrape.com/>
{'text': '(about)', 'url': 'http://quotes.toscrape.com/author/J-K-Rowling'}
2021-07-19 04:30:09 [scrapy.core.scraper] DEBUG: Scraped from <200 http://quotes.toscrape.com/>
{'text': 'abilities', 'url': 'http://quotes.toscrape.com/tag/abilities/page/1/'}
2021-07-19 04:30:09 [scrapy.core.scraper] DEBUG: Scraped from <200 http://quotes.toscrape.com/>
{'text': 'choices', 'url': 'http://quotes.toscrape.com/tag/choices/page/1/'}
2021-07-19 04:30:09 [scrapy.core.scraper] DEBUG: Scraped from <200 http://quotes.toscrape.com/>
{'text': '(about)', 'url': 'http://quotes.toscrape.com/author/Albert-Einstein'}
2021-07-19 04:30:09 [scrapy.core.scraper] DEBUG: Scraped from <200 http://quotes.toscrape.com/>
{'text': 'inspirational',
 'url': 'http://quotes.toscrape.com/tag/inspirational/page/1/'}
2021-07-19 04:30:09 [scrapy.core.scraper] DEBUG: Scraped from <200 http://quotes.toscrape.com/>
{'text': 'life', 'url': 'http://quotes.toscrape.com/tag/life/page/1/'}
2021-07-19 04:30:09 [scrapy.core.scraper] DEBUG: Scraped from <200 http://quotes.toscrape.com/>
{'text': 'live', 'url': 'http://quotes.toscrape.com/tag/live/page/1/'}
2021-07-19 04:30:09 [scrapy.core.scraper] DEBUG: Scraped from <200 http://quotes.toscrape.com/>
{'text': 'miracle', 'url': 'http://quotes.toscrape.com/tag/miracle/page/1/'}
2021-07-19 04:30:09 [scrapy.core.scraper] DEBUG: Scraped from <200 http://quotes.toscrape.com/>
{'text': 'miracles', 'url': 'http://quotes.toscrape.com/tag/miracles/page/1/'}
2021-07-19 04:30:09 [scrapy.core.scraper] DEBUG: Scraped from <200 http://quotes.toscrape.com/>
{'text': '(about)', 'url': 'http://quotes.toscrape.com/author/Jane-Austen'}
2021-07-19 04:30:09 [scrapy.core.scraper] DEBUG: Scraped from <200 http://quotes.toscrape.com/>
{'text': 'aliteracy', 'url': 'http://quotes.toscrape.com/tag/aliteracy/page/1/'}
2021-07-19 04:30:09 [scrapy.core.scraper] DEBUG: Scraped from <200 http://quotes.toscrape.com/>
{'text': 'books', 'url': 'http://quotes.toscrape.com/tag/books/page/1/'}
2021-07-19 04:30:09 [scrapy.core.scraper] DEBUG: Scraped from <200 http://quotes.toscrape.com/>
{'text': 'classic', 'url': 'http://quotes.toscrape.com/tag/classic/page/1/'}
2021-07-19 04:30:09 [scrapy.core.scraper] DEBUG: Scraped from <200 http://quotes.toscrape.com/>
{'text': 'humor', 'url': 'http://quotes.toscrape.com/tag/humor/page/1/'}
2021-07-19 04:30:09 [scrapy.core.scraper] DEBUG: Scraped from <200 http://quotes.toscrape.com/>
{'text': '(about)', 'url': 'http://quotes.toscrape.com/author/Marilyn-Monroe'}
2021-07-19 04:30:09 [scrapy.core.scraper] DEBUG: Scraped from <200 http://quotes.toscrape.com/>
{'text': 'be-yourself',
 'url': 'http://quotes.toscrape.com/tag/be-yourself/page/1/'}
2021-07-19 04:30:09 [scrapy.core.scraper] DEBUG: Scraped from <200 http://quotes.toscrape.com/>
{'text': 'inspirational',
 'url': 'http://quotes.toscrape.com/tag/inspirational/page/1/'}
2021-07-19 04:30:09 [scrapy.core.scraper] DEBUG: Scraped from <200 http://quotes.toscrape.com/>
{'text': '(about)', 'url': 'http://quotes.toscrape.com/author/Albert-Einstein'}
2021-07-19 04:30:09 [scrapy.core.scraper] DEBUG: Scraped from <200 http://quotes.toscrape.com/>
{'text': 'adulthood', 'url': 'http://quotes.toscrape.com/tag/adulthood/page/1/'}
2021-07-19 04:30:09 [scrapy.core.scraper] DEBUG: Scraped from <200 http://quotes.toscrape.com/>
{'text': 'success', 'url': 'http://quotes.toscrape.com/tag/success/page/1/'}
2021-07-19 04:30:09 [scrapy.core.scraper] DEBUG: Scraped from <200 http://quotes.toscrape.com/>
{'text': 'value', 'url': 'http://quotes.toscrape.com/tag/value/page/1/'}
2021-07-19 04:30:09 [scrapy.core.scraper] DEBUG: Scraped from <200 http://quotes.toscrape.com/>
{'text': '(about)', 'url': 'http://quotes.toscrape.com/author/Andre-Gide'}
2021-07-19 04:30:09 [scrapy.core.scraper] DEBUG: Scraped from <200 http://quotes.toscrape.com/>
{'text': 'life', 'url': 'http://quotes.toscrape.com/tag/life/page/1/'}
2021-07-19 04:30:09 [scrapy.core.scraper] DEBUG: Scraped from <200 http://quotes.toscrape.com/>
{'text': 'love', 'url': 'http://quotes.toscrape.com/tag/love/page/1/'}
2021-07-19 04:30:09 [scrapy.core.scraper] DEBUG: Scraped from <200 http://quotes.toscrape.com/>
{'text': '(about)', 'url': 'http://quotes.toscrape.com/author/Thomas-A-Edison'}
2021-07-19 04:30:09 [scrapy.core.scraper] DEBUG: Scraped from <200 http://quotes.toscrape.com/>
{'text': 'edison', 'url': 'http://quotes.toscrape.com/tag/edison/page/1/'}
2021-07-19 04:30:09 [scrapy.core.scraper] DEBUG: Scraped from <200 http://quotes.toscrape.com/>
{'text': 'failure', 'url': 'http://quotes.toscrape.com/tag/failure/page/1/'}
2021-07-19 04:30:09 [scrapy.core.scraper] DEBUG: Scraped from <200 http://quotes.toscrape.com/>
{'text': 'inspirational',
 'url': 'http://quotes.toscrape.com/tag/inspirational/page/1/'}
2021-07-19 04:30:09 [scrapy.core.scraper] DEBUG: Scraped from <200 http://quotes.toscrape.com/>
{'text': 'paraphrased',
 'url': 'http://quotes.toscrape.com/tag/paraphrased/page/1/'}
2021-07-19 04:30:09 [scrapy.core.scraper] DEBUG: Scraped from <200 http://quotes.toscrape.com/>
{'text': '(about)',
 'url': 'http://quotes.toscrape.com/author/Eleanor-Roosevelt'}
2021-07-19 04:30:09 [scrapy.core.scraper] DEBUG: Scraped from <200 http://quotes.toscrape.com/>
{'text': 'misattributed-eleanor-roosevelt',
 'url': 'http://quotes.toscrape.com/tag/misattributed-eleanor-roosevelt/page/1/'}
2021-07-19 04:30:09 [scrapy.core.scraper] DEBUG: Scraped from <200 http://quotes.toscrape.com/>
{'text': '(about)', 'url': 'http://quotes.toscrape.com/author/Steve-Martin'}
2021-07-19 04:30:09 [scrapy.core.scraper] DEBUG: Scraped from <200 http://quotes.toscrape.com/>
{'text': 'humor', 'url': 'http://quotes.toscrape.com/tag/humor/page/1/'}
2021-07-19 04:30:09 [scrapy.core.scraper] DEBUG: Scraped from <200 http://quotes.toscrape.com/>
{'text': 'obvious', 'url': 'http://quotes.toscrape.com/tag/obvious/page/1/'}
2021-07-19 04:30:09 [scrapy.core.scraper] DEBUG: Scraped from <200 http://quotes.toscrape.com/>
{'text': 'simile', 'url': 'http://quotes.toscrape.com/tag/simile/page/1/'}
2021-07-19 04:30:09 [scrapy.core.scraper] DEBUG: Scraped from <200 http://quotes.toscrape.com/>
{'text': 'Next ', 'url': 'http://quotes.toscrape.com/page/2/'}
2021-07-19 04:30:09 [scrapy.core.scraper] DEBUG: Scraped from <200 http://quotes.toscrape.com/>
{'text': 'love', 'url': 'http://quotes.toscrape.com/tag/love/'}
2021-07-19 04:30:09 [scrapy.core.scraper] DEBUG: Scraped from <200 http://quotes.toscrape.com/>
{'text': 'inspirational',
 'url': 'http://quotes.toscrape.com/tag/inspirational/'}
2021-07-19 04:30:09 [scrapy.core.scraper] DEBUG: Scraped from <200 http://quotes.toscrape.com/>
{'text': 'life', 'url': 'http://quotes.toscrape.com/tag/life/'}
2021-07-19 04:30:09 [scrapy.core.scraper] DEBUG: Scraped from <200 http://quotes.toscrape.com/>
{'text': 'humor', 'url': 'http://quotes.toscrape.com/tag/humor/'}
2021-07-19 04:30:09 [scrapy.core.scraper] DEBUG: Scraped from <200 http://quotes.toscrape.com/>
{'text': 'books', 'url': 'http://quotes.toscrape.com/tag/books/'}
2021-07-19 04:30:09 [scrapy.core.scraper] DEBUG: Scraped from <200 http://quotes.toscrape.com/>
{'text': 'reading', 'url': 'http://quotes.toscrape.com/tag/reading/'}
2021-07-19 04:30:09 [scrapy.core.scraper] DEBUG: Scraped from <200 http://quotes.toscrape.com/>
{'text': 'friendship', 'url': 'http://quotes.toscrape.com/tag/friendship/'}
2021-07-19 04:30:09 [scrapy.core.scraper] DEBUG: Scraped from <200 http://quotes.toscrape.com/>
{'text': 'friends', 'url': 'http://quotes.toscrape.com/tag/friends/'}
2021-07-19 04:30:09 [scrapy.core.scraper] DEBUG: Scraped from <200 http://quotes.toscrape.com/>
{'text': 'truth', 'url': 'http://quotes.toscrape.com/tag/truth/'}
2021-07-19 04:30:09 [scrapy.core.scraper] DEBUG: Scraped from <200 http://quotes.toscrape.com/>
{'text': 'simile', 'url': 'http://quotes.toscrape.com/tag/simile/'}
2021-07-19 04:30:09 [scrapy.core.scraper] DEBUG: Scraped from <200 http://quotes.toscrape.com/>
{'text': 'GoodReads.com', 'url': 'https://www.goodreads.com/quotes'}
2021-07-19 04:30:09 [scrapy.core.scraper] DEBUG: Scraped from <200 http://quotes.toscrape.com/>
{'text': 'Scrapinghub', 'url': 'https://scrapinghub.com'}
2021-07-19 04:30:09 [scrapy.core.engine] INFO: Closing spider (finished)
2021-07-19 04:30:09 [scrapy.statscollectors] INFO: Dumping Scrapy stats:
{'downloader/request_bytes': 448,
 'downloader/request_count': 2,
 'downloader/request_method_count/GET': 2,
 'downloader/response_bytes': 2582,
 'downloader/response_count': 2,
 'downloader/response_status_count/200': 1,
 'downloader/response_status_count/404': 1,
 'elapsed_time_seconds': 1.672842,
 'finish_reason': 'finished',
 'finish_time': datetime.datetime(2021, 7, 19, 4, 30, 9, 566470),
 'httpcompression/response_bytes': 11053,
 'httpcompression/response_count': 1,
 'item_scraped_count': 55,
 'log_count/DEBUG': 58,
 'log_count/INFO': 10,
 'log_count/WARNING': 2,
 'memusage/max': 77574144,
 'memusage/startup': 77574144,
 'response_received_count': 2,
 'robotstxt/request_count': 1,
 'robotstxt/response_count': 1,
 'robotstxt/response_status_count/404': 1,
 'scheduler/dequeued': 1,
 'scheduler/dequeued/memory': 1,
 'scheduler/enqueued': 1,
 'scheduler/enqueued/memory': 1,
 'start_time': datetime.datetime(2021, 7, 19, 4, 30, 7, 893628)}
2021-07-19 04:30:09 [scrapy.core.engine] INFO: Spider closed (finished)
